<?xml version="1.0" encoding="UTF-8"?>
<!-- Generated by org.testng.reporters.JUnitReportReporter -->
<testsuite hostname="Anik" failures="0" tests="2" name="pack1.HowToUploadFile" time="4.308" errors="1" timestamp="30 Aug. 2020 19:42:15 GMT" skipped="1">
  <testcase classname="pack1.HowToUploadFile" name="FileUpload" time="0.000">
    <skipped/>
  </testcase> <!-- FileUpload -->
  <testcase classname="pack1.HowToUploadFile" name="openBrowser" time="4.308">
    <error message="session not created: This version of ChromeDriver only supports Chrome version 80
Build info: version: &#039;3.141.59&#039;, revision: &#039;e82be7d358&#039;, time: &#039;2018-11-14T08:25:48&#039;
System info: host: &#039;ANIK&#039;, ip: &#039;192.168.0.19&#039;, os.name: &#039;Windows 10&#039;, os.arch: &#039;amd64&#039;, os.version: &#039;10.0&#039;, java.version: &#039;11.0.4&#039;
Driver info: driver.version: ChromeDriver
remote stacktrace: Backtrace:
	Ordinal0 [0x006C0C83+1707139]
	Ordinal0 [0x006268F1+1075441]
	Ordinal0 [0x0059DFC9+516041]
	Ordinal0 [0x00530554+66900]
	Ordinal0 [0x0052CCE2+52450]
	Ordinal0 [0x0054BFD7+180183]
	Ordinal0 [0x0054BDDD+179677]
	Ordinal0 [0x00549D4B+171339]
	Ordinal0 [0x00531D4A+73034]
	Ordinal0 [0x00532DC0+77248]
	Ordinal0 [0x00532D59+77145]
	Ordinal0 [0x0063BB67+1162087]
	GetHandleVerifier [0x0075A966+508998]
	GetHandleVerifier [0x0075A6A4+508292]
	GetHandleVerifier [0x0076F7B7+594583]
	GetHandleVerifier [0x0075B1D6+511158]
	Ordinal0 [0x0063402C+1130540]
	Ordinal0 [0x0063D4CB+1168587]
	Ordinal0 [0x0063D633+1168947]
	Ordinal0 [0x00655B35+1268533]
	BaseThreadInitThunk [0x76C06359+25]
	RtlGetAppContainerNamedObjectPath [0x77947C24+228]
	RtlGetAppContainerNamedObjectPath [0x77947BF4+180]
" type="org.openqa.selenium.SessionNotCreatedException">
      <![CDATA[org.openqa.selenium.SessionNotCreatedException: session not created: This version of ChromeDriver only supports Chrome version 80
Build info: version: '3.141.59', revision: 'e82be7d358', time: '2018-11-14T08:25:48'
System info: host: 'ANIK', ip: '192.168.0.19', os.name: 'Windows 10', os.arch: 'amd64', os.version: '10.0', java.version: '11.0.4'
Driver info: driver.version: ChromeDriver
remote stacktrace: Backtrace:
Ordinal0 [0x006C0C83+1707139]
Ordinal0 [0x006268F1+1075441]
Ordinal0 [0x0059DFC9+516041]
Ordinal0 [0x00530554+66900]
Ordinal0 [0x0052CCE2+52450]
Ordinal0 [0x0054BFD7+180183]
Ordinal0 [0x0054BDDD+179677]
Ordinal0 [0x00549D4B+171339]
Ordinal0 [0x00531D4A+73034]
Ordinal0 [0x00532DC0+77248]
Ordinal0 [0x00532D59+77145]
Ordinal0 [0x0063BB67+1162087]
GetHandleVerifier [0x0075A966+508998]
GetHandleVerifier [0x0075A6A4+508292]
GetHandleVerifier [0x0076F7B7+594583]
GetHandleVerifier [0x0075B1D6+511158]
Ordinal0 [0x0063402C+1130540]
Ordinal0 [0x0063D4CB+1168587]
Ordinal0 [0x0063D633+1168947]
Ordinal0 [0x00655B35+1268533]
BaseThreadInitThunk [0x76C06359+25]
RtlGetAppContainerNamedObjectPath [0x77947C24+228]
RtlGetAppContainerNamedObjectPath [0x77947BF4+180]

at java.base/jdk.internal.reflect.NativeConstructorAccessorImpl.newInstance0(Native Method)
at java.base/jdk.internal.reflect.NativeConstructorAccessorImpl.newInstance(NativeConstructorAccessorImpl.java:62)
at java.base/jdk.internal.reflect.DelegatingConstructorAccessorImpl.newInstance(DelegatingConstructorAccessorImpl.java:45)
at java.base/java.lang.reflect.Constructor.newInstance(Constructor.java:490)
at org.openqa.selenium.remote.W3CHandshakeResponse.lambda$errorHandler$0(W3CHandshakeResponse.java:62)
at org.openqa.selenium.remote.HandshakeResponse.lambda$getResponseFunction$0(HandshakeResponse.java:30)
at org.openqa.selenium.remote.ProtocolHandshake.lambda$createSession$0(ProtocolHandshake.java:126)
at java.base/java.util.stream.ReferencePipeline$3$1.accept(ReferencePipeline.java:195)
at java.base/java.util.Spliterators$ArraySpliterator.tryAdvance(Spliterators.java:958)
at java.base/java.util.stream.ReferencePipeline.forEachWithCancel(ReferencePipeline.java:127)
at java.base/java.util.stream.AbstractPipeline.copyIntoWithCancel(AbstractPipeline.java:502)
at java.base/java.util.stream.AbstractPipeline.copyInto(AbstractPipeline.java:488)
at java.base/java.util.stream.AbstractPipeline.wrapAndCopyInto(AbstractPipeline.java:474)
at java.base/java.util.stream.FindOps$FindOp.evaluateSequential(FindOps.java:150)
at java.base/java.util.stream.AbstractPipeline.evaluate(AbstractPipeline.java:234)
at java.base/java.util.stream.ReferencePipeline.findFirst(ReferencePipeline.java:543)
at org.openqa.selenium.remote.ProtocolHandshake.createSession(ProtocolHandshake.java:128)
at org.openqa.selenium.remote.ProtocolHandshake.createSession(ProtocolHandshake.java:74)
at org.openqa.selenium.remote.HttpCommandExecutor.execute(HttpCommandExecutor.java:136)
at org.openqa.selenium.remote.service.DriverCommandExecutor.execute(DriverCommandExecutor.java:83)
at org.openqa.selenium.remote.RemoteWebDriver.execute(RemoteWebDriver.java:552)
at org.openqa.selenium.remote.RemoteWebDriver.startSession(RemoteWebDriver.java:213)
at org.openqa.selenium.remote.RemoteWebDriver.<init>(RemoteWebDriver.java:131)
at org.openqa.selenium.chrome.ChromeDriver.<init>(ChromeDriver.java:181)
at org.openqa.selenium.chrome.ChromeDriver.<init>(ChromeDriver.java:168)
at org.openqa.selenium.chrome.ChromeDriver.<init>(ChromeDriver.java:123)
at pack1.BaseClass.openBrowser(BaseClass.java:17)
at java.base/jdk.internal.reflect.NativeMethodAccessorImpl.invoke0(Native Method)
at java.base/jdk.internal.reflect.NativeMethodAccessorImpl.invoke(NativeMethodAccessorImpl.java:62)
at java.base/jdk.internal.reflect.DelegatingMethodAccessorImpl.invoke(DelegatingMethodAccessorImpl.java:43)
at java.base/java.lang.reflect.Method.invoke(Method.java:566)
at org.testng.internal.MethodInvocationHelper.invokeMethod(MethodInvocationHelper.java:124)
at org.testng.internal.MethodInvocationHelper.invokeMethodConsideringTimeout(MethodInvocationHelper.java:59)
at org.testng.internal.Invoker.invokeConfigurationMethod(Invoker.java:458)
at org.testng.internal.Invoker.invokeConfigurations(Invoker.java:222)
at org.testng.internal.Invoker.invokeConfigurations(Invoker.java:142)
at org.testng.TestRunner.beforeRun(TestRunner.java:529)
at org.testng.TestRunner.run(TestRunner.java:497)
at org.testng.SuiteRunner.runTest(SuiteRunner.java:455)
at org.testng.SuiteRunner.runSequentially(SuiteRunner.java:450)
at org.testng.SuiteRunner.privateRun(SuiteRunner.java:415)
at org.testng.SuiteRunner.run(SuiteRunner.java:364)
at org.testng.SuiteRunnerWorker.runSuite(SuiteRunnerWorker.java:52)
at org.testng.SuiteRunnerWorker.run(SuiteRunnerWorker.java:84)
at org.testng.TestNG.runSuitesSequentially(TestNG.java:1208)
at org.testng.TestNG.runSuitesLocally(TestNG.java:1137)
at org.testng.TestNG.runSuites(TestNG.java:1049)
at org.testng.TestNG.run(TestNG.java:1017)
at org.testng.remote.AbstractRemoteTestNG.run(AbstractRemoteTestNG.java:115)
at org.testng.remote.RemoteTestNG.initAndRun(RemoteTestNG.java:251)
at org.testng.remote.RemoteTestNG.main(RemoteTestNG.java:77)
]]>
    </error>
  </testcase> <!-- openBrowser -->
</testsuite> <!-- pack1.HowToUploadFile -->
